[5:46:50 PM] <Gamble2> Key5.MPQ was in use! 
[1:43:59 PM] <GF1> Key2.MPQ realm down! 
[11:44:50 PM] <GF1> Key5.MPQ was in use! 
[4:17:44 AM] <GF1> Key5.MPQ realm down! 
[5:15:52 AM] <Gamble1> Key4.MPQ realm down! 
[5:32:18 AM] <GF1> Key5.MPQ realm down! 
[6:11:34 AM] <Gamble2> Key3.MPQ realm down! 
[7:13:12 AM] <GF1> Key5.MPQ realm down! 
[7:51:21 AM] <Gamble2> Key3.MPQ realm down! 
[9:34:59 AM] <GF1> Key2.MPQ realm down! 
[7:21:46 PM] <GF1> Key5.MPQ was in use! 
[11:50:52 AM] <Rusher> Key6.MPQ was in use! 
[12:20:56 PM] <Follow1> Key5.MPQ was in use! 
[1:06:58 AM] <DaRush3> Mute1.MPQ was in use! 
[1:50:12 AM] <DaRush2> Key5.MPQ was in use! 
[3:08:36 PM] <Mule Log> Key3.MPQ was in use! 
[1:39:47 PM] <Follow4> Mute6.MPQ was in use! 
[11:40:18 AM] <Hdin 1> Key6.MPQ was in use! 
[12:13:02 PM] <Hdin 2> New1.MPQ was in use! 
[3:50:58 PM] <Hdin 1> Key6.MPQ was in use! 
[4:20:01 PM] <Hdin 2> New1.MPQ was in use! 
[5:00:40 PM] <Hdin 1> Key6.MPQ was in use! 
[5:29:43 PM] <Hdin 2> New1.MPQ was in use! 
[6:08:05 PM] <Hdin 1> Key6.MPQ was in use! 
[6:44:52 PM] <Hdin 2> New1.MPQ was in use! 
[7:23:38 PM] <Hdin 1> Key6.MPQ was in use! 
[8:04:25 PM] <Hdin 1> Key6.MPQ was in use! 
[8:53:00 PM] <Muler>  was in use! 
[10:37:20 PM] <Hdin 1> Key6.MPQ was in use! 
[12:49:47 AM] <Muler> Key2.MPQ was in use! 
[6:59:11 AM] <Muler> Key2.MPQ was in use! 
[7:02:01 AM] <Hdin 1> Key6.MPQ was in use! 
[7:44:30 AM] <Hdin 2> New1.MPQ was in use! 
[1:55:17 AM] <Hdin 3> New4.MPQ realm down! 
[1:55:35 AM] <Hdin 1> Key7.MPQ realm down! 
[1:55:49 AM] <Hdin 4> New15.MPQ realm down! 
[1:56:35 AM] <Hdin 5> New16.MPQ realm down! 
[4:49:33 AM] <Hdin 4> New15.MPQ realm down! 
[4:49:35 AM] <Hdin 3> New4.MPQ realm down! 
[5:45:34 AM] <Hdin 1> Key5.MPQ realm down! 
[5:46:54 AM] <Hdin 5> New16.MPQ realm down! 
[8:40:20 AM] <Hdin 4> New13.MPQ realm down! 
[8:41:10 AM] <Hdin 5> New16.MPQ realm down! 
[8:41:41 AM] <Hdin 1> Key6.MPQ realm down! 
[8:42:16 AM] <Hdin 3> New5.MPQ realm down! 
[11:20:59 AM] <Hdin 3> New4.MPQ realm down! 
[11:21:42 AM] <Hdin 4> New13.MPQ realm down! 
[11:34:42 AM] <Hdin 1> Key6.MPQ realm down! 
[11:36:16 AM] <Hdin 5> New17.MPQ realm down! 
[12:03:37 PM] <Muler> Key2.MPQ was in use! 
[12:10:54 PM] <Hdin 1> Key6.MPQ was in use! 
[5:35:16 PM] <Hdin 4> New15.MPQ realm down! 
[5:35:49 PM] <Hdin 1> Key6.MPQ realm down! 
[5:36:05 PM] <Hdin 3> New4.MPQ realm down! 
[5:45:25 PM] <Muler> Key2.MPQ was in use! 
[6:05:23 PM] <Hdin 5> New14.MPQ was in use! 
[8:15:20 AM] <Hdin 3> New7.MPQ realm down! 
[8:15:44 AM] <Hdin 5> New15.MPQ realm down! 
[8:15:46 AM] <Hdin 1> New2.MPQ realm down! 
[8:17:22 AM] <Hdin 4> New11.MPQ realm down! 
[5:20:02 PM] <Hdin 1> New1.MPQ was in use! 
[5:57:08 PM] <Hdin 1> New1.MPQ was in use! 
[7:12:09 PM] <Muler> Key3.MPQ was in use! 
[11:18:40 PM] <Hdin 3> New7.MPQ realm down! 
[11:19:51 PM] <Hdin 2> New4.MPQ realm down! 
[1:07:52 AM] <Hdin 3> New7.MPQ realm down! 
[3:22:35 AM] <Hdin 2> New5.MPQ realm down! 
[3:23:10 AM] <Hdin 3> New8.MPQ realm down! 
[3:23:24 AM] <Hdin 5> New13.MPQ realm down! 
[5:01:36 AM] <Hdin 1> New1.MPQ was in use! 
[5:36:09 AM] <Hdin 1> New1.MPQ was in use! 
[6:14:30 AM] <Hdin 1> New1.MPQ was in use! 
[6:52:59 AM] <Hdin 1> New1.MPQ was in use! 
[7:28:36 AM] <Hdin 1> New1.MPQ was in use! 
[7:59:20 AM] <Hdin 1> New1.MPQ was in use! 
[9:31:29 AM] <Hdin 4> New10.MPQ realm down! 
[9:31:39 AM] <Hdin 5> New14.MPQ realm down! 
[5:02:52 PM] <Hdin 1> New3.MPQ realm down! 
[5:02:59 PM] <Hdin 5> New14.MPQ realm down! 
[5:03:58 PM] <Hdin 2> New5.MPQ realm down! 
[5:06:59 PM] <Hdin 4> New12.MPQ realm down! 
[5:51:07 PM] <Muler> Key3.MPQ was in use! 
[9:22:48 PM] <Hdin 5> New15.MPQ realm down! 
[9:22:55 PM] <Hdin 2> New6.MPQ realm down! 
[9:23:11 PM] <Hdin 1> New2.MPQ realm down! 
[12:25:04 AM] <Hdin 2> New4.MPQ was in use! 
[12:57:18 AM] <Hdin 2> New4.MPQ was in use! 
[1:32:21 AM] <Hdin 2> New4.MPQ was in use! 
[2:11:35 AM] <Hdin 2> New4.MPQ was in use! 
[2:47:54 AM] <Hdin 2> New4.MPQ was in use! 
[6:03:05 AM] <Hdin 3> New8.MPQ realm down! 
[6:03:09 AM] <Hdin 4> New12.MPQ realm down! 
[3:26:18 AM] <Hdin 4> New11.MPQ realm down! 
[3:26:28 AM] <Hdin 5> New14.MPQ realm down! 
[3:27:02 AM] <Hdin 3> New8.MPQ realm down! 
[3:41:52 AM] <Hdin 1> New2.MPQ realm down! 
[6:35:35 AM] <Hdin 4> New12.MPQ realm down! 
[6:37:14 AM] <Hdin 3> New9.MPQ realm down! 
[1:52:19 PM] <Hdin 3> New7.MPQ was in use! 
[8:53:51 PM] <Hdin 5> New14.MPQ realm down! 
[8:55:12 PM] <Hdin 3> New7.MPQ realm down! 
[8:55:52 PM] <Hdin 4> New12.MPQ realm down! 
[10:50:19 PM] <Hdin 4> New12.MPQ realm down! 
[12:32:30 AM] <Hdin 5> New14.MPQ realm down! 
[12:33:39 AM] <Hdin 4> New12.MPQ realm down! 
[3:07:40 AM] <Hdin 2> New6.MPQ was in use! 
[9:01:58 AM] <Hdin 5> New13.MPQ realm down! 
[9:03:01 AM] <Hdin 3> New9.MPQ realm down! 
[9:03:04 AM] <Hdin 4> New3.MPQ realm down! 
[9:03:05 AM] <Hdin 1> New1.MPQ realm down! 
[10:38:02 AM] <Hdin 3> New8.MPQ realm down! 
[10:38:13 AM] <Hdin 4> New3.MPQ realm down! 
[10:38:45 AM] <Hdin 5> New15.MPQ realm down! 
[6:08:02 PM] <Hdin 3> New5.MPQ realm down! 
[6:08:54 PM] <Hdin 1> New2.MPQ realm down! 
[6:09:09 PM] <Hdin 5> New10.MPQ realm down! 
[6:58:43 PM] <Mule Log> Key2.MPQ was in use! 
[8:33:31 PM] <Hdin 1> New2.MPQ realm down! 
[8:53:44 PM] <Hdin 4> New8.MPQ realm down! 
[8:54:03 PM] <Hdin 3> New5.MPQ realm down! 
[10:57:47 PM] <Hdin 3> New6.MPQ was in use! 
[2:52:53 AM] <Hdin 5> New10.MPQ realm down! 
[2:54:01 AM] <Hdin 1> New2.MPQ realm down! 
[3:26:28 AM] <Hdin 4> New7.MPQ realm down! 
[3:28:21 AM] <Hdin 3> New5.MPQ realm down! 
[4:00:56 AM] <Hdin 5> New9.MPQ realm down! 
[4:02:05 AM] <Hdin 1> New1.MPQ realm down! 
[5:21:31 AM] <Hdin 3> New6.MPQ realm down! 
[5:21:40 AM] <Hdin 4> New15.MPQ realm down! 
[5:21:44 AM] <Hdin 1> New2.MPQ realm down! 
[5:21:55 AM] <Hdin 5> New10.MPQ realm down! 
[8:01:54 AM] <Muler> Key5.MPQ was in use! 
[8:45:13 AM] <Hdin 3> New5.MPQ was in use! 
[8:45:29 AM] <Hdin 1> New1.MPQ was in use! 
[10:50:47 AM] <Hdin 4> New15.MPQ realm down! 
[10:50:47 AM] <Hdin 1> New1.MPQ realm down! 
[11:04:47 AM] <Hdin 5> New9.MPQ realm down! 
[11:04:59 AM] <Hdin 3> New6.MPQ realm down! 
[11:14:51 AM] <Hdin 2> New4.MPQ realm down! 
[3:32:00 PM] <Hdin 1> New2.MPQ was in use! 
[5:05:28 PM] <Hdin 1> New1.MPQ was in use! 
[7:07:20 PM] <Hdin 5> Key1.MPQ realm down! 
[7:07:30 PM] <Hdin 2> New10.MPQ realm down! 
[7:07:31 PM] <Hdin 3> New5.MPQ realm down! 
[7:08:09 PM] <Hdin 1> Key3.MPQ realm down! 
[7:09:22 PM] <Hdin 4> New7.MPQ realm down! 
[8:25:05 PM] <Hdin 1> Key6.MPQ was in use! 
[8:52:42 PM] <Hdin 1> Key6.MPQ was in use! 
[9:13:56 PM] <Hdin 1> Key6.MPQ was in use! 
[9:37:12 PM] <Hdin 1> Key6.MPQ was in use! 
[6:56:20 AM] <Gamble> Key6.MPQ was in use! 
[8:48:20 AM] <Hdin 4> New7.MPQ realm down! 
[8:49:39 AM] <Hdin 1> Key6.MPQ realm down! 
[8:50:21 AM] <Hdin 5> Key1.MPQ realm down! 
[9:23:19 AM] <Hdin 3> New5.MPQ realm down! 
[9:24:12 AM] <Hdin 2> New10.MPQ realm down! 
[9:56:22 AM] <Hdin 4> New15.MPQ realm down! 
[9:57:18 AM] <Hdin 1> Key7.MPQ realm down! 
[10:18:29 AM] <Hdin 5> Key1.MPQ realm down! 
[10:31:47 AM] <Hdin 3> New6.MPQ realm down! 
[10:32:24 AM] <Hdin 2> New4.MPQ realm down! 
[11:00:33 AM] <Hdin 4> New7.MPQ realm down! 
[11:22:45 AM] <Hdin 5> Key2.MPQ realm down! 
[2:24:14 PM] <Hdin 4> New7.MPQ realm down! 
[2:25:29 PM] <Hdin 1> Key6.MPQ realm down! 
[2:25:39 PM] <Hdin 3> New5.MPQ realm down! 
[4:15:14 PM] <Muler> New2.MPQ was in use! 
[8:32:39 PM] <Muler> New2.MPQ was in use! 
[11:17:28 PM] <Hdin 4> New3.MPQ realm down! 
[11:18:23 PM] <Hdin 3> New6.MPQ realm down! 
[11:19:10 PM] <Hdin 1> Key7.MPQ realm down! 
[11:23:03 PM] <Hdin 5> Key2.MPQ realm down! 
[11:23:44 PM] <Hdin 2> New4.MPQ realm down! 
[1:09:42 AM] <Hdin 4> New2.MPQ realm down! 
[1:10:48 AM] <Hdin 2> New10.MPQ realm down! 
[1:11:34 AM] <Hdin 3> New5.MPQ realm down! 
[1:11:42 AM] <Hdin 5> Key1.MPQ realm down! 
[1:22:54 AM] <Hdin 1> Key6.MPQ realm down! 
[2:13:14 AM] <Hdin 5> Key2.MPQ realm down! 
[2:14:41 AM] <Hdin 2> New4.MPQ realm down! 
[2:21:52 AM] <Hdin 4> New3.MPQ realm down! 
[2:22:43 AM] <Hdin 3> New6.MPQ realm down! 
[2:23:06 AM] <Hdin 1> Key7.MPQ realm down! 
[3:13:32 AM] <Hdin 5> Key1.MPQ realm down! 
[3:14:54 AM] <Hdin 2> New10.MPQ realm down! 
[3:34:04 AM] <Hdin 4> New2.MPQ realm down! 
[3:35:13 AM] <Hdin 3> New5.MPQ realm down! 
[4:42:03 AM] <Hdin 4> New3.MPQ realm down! 
[4:42:06 AM] <Hdin 5> Key1.MPQ realm down! 
[4:42:46 AM] <Hdin 3> New6.MPQ realm down! 
[5:08:58 AM] <Hdin 2> New4.MPQ realm down! 
[5:08:59 AM] <Hdin 1> Key7.MPQ realm down! 
[5:49:53 AM] <Hdin 5> Key2.MPQ realm down! 
[5:50:03 AM] <Hdin 4> New2.MPQ realm down! 
[5:51:21 AM] <Hdin 3> New5.MPQ realm down! 
[12:13:05 AM] <Hdin 5> Key1.MPQ realm down! 
[12:13:31 AM] <Hdin 4> New8.MPQ realm down! 
[12:14:46 AM] <Hdin 3> New6.MPQ realm down! 
[4:37:19 AM] <Hdin 4> New7.MPQ realm down! 
[4:37:24 AM] <Hdin 5> New9.MPQ realm down! 
[4:37:25 AM] <Hdin 3> New6.MPQ realm down! 
[6:27:50 AM] <Hdin 1> Key1.MPQ realm down! 
[6:28:00 AM] <Hdin 3> New5.MPQ realm down! 
[6:28:48 AM] <Hdin 5> New10.MPQ realm down! 
[8:02:39 AM] <Hdin 5> New10.MPQ realm down! 
[8:04:12 AM] <Hdin 1> Key1.MPQ realm down! 
[8:04:12 AM] <Hdin 2> New12.MPQ realm down! 
[11:57:18 AM] <Hdin 3> New6.MPQ realm down! 
[11:57:35 AM] <Hdin 2> New12.MPQ realm down! 
[11:58:54 AM] <Hdin 4> New8.MPQ realm down! 
[11:58:56 AM] <Hdin 5> New10.MPQ realm down! 
[4:34:16 PM] <Barb1> New3.MPQ was in use! 
[6:05:00 PM] <Hdin 3> New6.MPQ was in use! 
[7:02:01 PM] <Barb6> New14.MPQ was in use! 
[7:14:32 PM] <Hdin 5> New11.MPQ was in use! 
[6:02:19 AM] <Hdin 4> Key2.MPQ was in use! 
[6:02:50 AM] <Hdin 5> Key4.MPQ was in use! 
[6:16:13 AM] <Barb6> Key3.MPQ was in use! 
[6:23:20 AM] <Hdin 5> Key4.MPQ was in use! 
[6:36:57 AM] <Barb6> Key3.MPQ was in use! 
[6:43:01 AM] <Hdin 5> Key4.MPQ was in use! 
[6:58:18 AM] <Barb6> Key3.MPQ was in use! 
[7:21:17 AM] <Hdin 1> New1.MPQ was in use! 
[7:26:04 AM] <Muler> Key3.MPQ was in use! 
[7:46:49 AM] <Hdin 4> Key2.MPQ was in use! 
[8:05:39 AM] <Hdin 4> Key2.MPQ was in use! 
[8:16:52 AM] <Muler> Key4.MPQ was in use! 
[8:25:27 AM] <Hdin 4> Key2.MPQ was in use! 
[8:44:37 AM] <Hdin 4> Key2.MPQ was in use! 
[9:03:17 AM] <Hdin 4> Key2.MPQ was in use! 
[9:23:32 AM] <Hdin 4> Key2.MPQ was in use! 
[9:56:47 AM] <Hdin 1> New1.MPQ was in use! 
[10:23:08 AM] <Hdin 4> Key2.MPQ was in use! 
[11:39:45 AM] <Hdin 1> New1.MPQ was in use! 
[12:03:21 PM] <Hdin 4> Key2.MPQ was in use! 
[12:37:09 PM] <Hdin 1> New1.MPQ was in use! 
[1:03:58 PM] <Hdin 4> Key2.MPQ was in use! 
[1:36:54 PM] <Hdin 1> New1.MPQ was in use! 
[2:25:29 PM] <Hdin 3> New19.MPQ was in use! 
[2:46:49 PM] <Hdin 3> New19.MPQ was in use! 
[3:06:52 PM] <Hdin 3> New19.MPQ was in use! 
[6:56:10 PM] <Muler> Key5.MPQ was in use! 
[7:11:28 PM] <Muler> Key6.MPQ was in use! 
[7:58:03 PM] <Hdin 1> New1.MPQ realm down! 
[7:58:10 PM] <CS Zon> Key16.MPQ realm down! 
[9:54:02 PM] <Muler> Key2.MPQ was in use! 
[3:16:45 AM] <Hdin 1> New2.MPQ realm down! 
[3:38:27 AM] <Hdin 1> New2.MPQ realm down! 
[3:59:03 AM] <Hdin 1> New2.MPQ realm down! 
[3:59:10 AM] <Hdin 3> New5.MPQ realm down! 
[3:59:30 AM] <Hdin 2> New4.MPQ realm down! 
[4:12:33 AM] <Hdin 5> New10.MPQ realm down! 
[4:32:07 AM] <Hdin 1> New2.MPQ realm down! 
[4:53:31 AM] <Hdin 1> New2.MPQ realm down! 
[4:56:48 AM] <Hdin 1> New1.MPQ realm down! 
[6:48:40 AM] <CS Zon> Key12.MPQ realm down! 
[7:09:07 AM] <CS Zon> Key12.MPQ realm down! 
[7:42:11 AM] <Hdin 1> New13.MPQ realm down! 
[8:06:07 AM] <Hdin 4> New7.MPQ realm down! 
[8:23:50 AM] <CS Zon> Key12.MPQ realm down! 
[8:37:29 AM] <Hdin 2> New3.MPQ realm down! 
[8:38:01 AM] <Hdin 3> New6.MPQ realm down! 
[8:38:46 AM] <Hdin 5> New9.MPQ realm down! 
[8:58:39 AM] <Hdin 1> New13.MPQ realm down! 
[9:19:43 AM] <Hdin 4> New8.MPQ realm down! 
[9:55:16 AM] <Hdin 2> New4.MPQ realm down! 
[9:55:35 AM] <Hdin 5> New10.MPQ realm down! 
[9:56:58 AM] <Hdin 3> New5.MPQ realm down! 
[4:04:50 AM] <Norm Cow 1> New14.MPQ realm down! 
[4:05:21 AM] <Norm Cow 2> New16.MPQ realm down! 
[5:39:40 AM] <Norm Cow 1> New14.MPQ realm down! 
[6:02:45 AM] <Norm Cow 2> New16.MPQ realm down! 
[11:07:41 PM] <Barb Mf 2> New5.MPQ was in use! 
[6:19:16 AM] <RusheeA> New1.MPQ was in use! 
[6:20:05 AM] <FollowA3> New5.MPQ was in use! 
[7:01:21 AM] <Barb Mf 5> New12.MPQ was in use! 
[9:23:16 AM] <Barb Mf 4> New9.MPQ realm down! 
[9:23:43 AM] <Barb Mf 5> New11.MPQ realm down! 
[9:50:26 AM] <Barb Mf 3> New7.MPQ realm down! 
[9:50:30 AM] <Barb Mf 1> New13.MPQ realm down! 
[10:47:07 AM] <RusheeA> New1.MPQ was in use! 
[11:19:42 AM] <FollowA2> New4.MPQ was in use! 
[3:28:25 PM] <Barb Mf 2> New18.MPQ was in use! 
[3:47:50 PM] <Barb Mf 2> New18.MPQ was in use! 
[11:58:26 AM] <Barb Mf 2> New18.MPQ was in use! 
[12:18:54 PM] <Barb Mf 2> New18.MPQ was in use! 
[4:38:52 PM] <HdinD1> New1.MPQ was in use! 
[4:43:02 PM] <ShopD5> New5.MPQ was in use! 
[10:58:28 PM] <RusheeB> New9.MPQ was in use! 
[10:58:31 PM] <RusherB> New10.MPQ was in use! 
[10:59:16 PM] <FollowB2> New12.MPQ was in use! 
[1:38:25 AM] <Barb Mf 1> New1.MPQ was in use! 
[1:58:46 AM] <Shop Mf 5> Key6.MPQ was in use! 
[2:03:15 AM] <Shop Mf 3> Key2.MPQ was in use! 
[3:23:47 AM] <Barb Mf 1> New1.MPQ was in use! 
[4:41:43 AM] <Barb Mf 1> New1.MPQ was in use! 
[6:00:06 AM] <Barb Mf 1> Mute3.MPQ was in use! 
[6:30:00 AM] <Barb Mf 1> New1.MPQ was in use! 
[7:34:56 AM] <RusherA> New8.MPQ was in use! 
[7:37:58 AM] <Shop Mf 6> Mute2.MPQ was in use! 
[7:47:59 AM] <Barb Mf 1> New1.MPQ was in use! 
[8:22:13 AM] <Shop Mf 6> Mute2.MPQ was in use! 
[9:05:54 AM] <Barb Mf 1> New1.MPQ was in use! 
[9:06:33 AM] <Shop Mf 6> Mute2.MPQ was in use! 
[10:00:11 AM] <Shop Mf 6> Mute2.MPQ was in use! 
[12:25:49 PM] <Barb Mf 3> New5.MPQ was in use! 
[3:03:41 PM] <Shop Mf 3> Key1.MPQ was in use! 
[5:05:25 PM] <Barb Mf 1> Mute3.MPQ was in use! 
[5:06:00 PM] <Barb Mf 1> Mute4.MPQ was in use! 
[5:06:08 PM] <Barb Mf 1> New1.MPQ was in use! 
[5:26:00 PM] <Barb Mf 1> Mute3.MPQ was in use! 
[5:26:35 PM] <Barb Mf 1> Mute4.MPQ was in use! 
[6:04:00 PM] <Barb Mf 1> Mute3.MPQ was in use! 
[6:22:57 PM] <Barb Mf 1> New1.MPQ was in use! 
[6:41:41 PM] <Barb Mf 1> Mute3.MPQ was in use! 
[7:00:30 PM] <Barb Mf 1> New1.MPQ was in use! 
[7:12:03 PM] <Shop Mf 4> Key4.MPQ realm down! 
[7:14:49 PM] <Shop Mf 6> Mute2.MPQ realm down! 
[7:15:08 PM] <Shop Mf 3> Key2.MPQ realm down! 
[7:15:22 PM] <Shop Mf 5> Key6.MPQ realm down! 
[7:16:54 PM] <Shop Mf 1> New17.MPQ realm down! 
[7:49:05 PM] <Shop Mf 5> Key6.MPQ realm down! 
[7:49:29 PM] <Shop Mf 4> Key4.MPQ realm down! 
[7:50:06 PM] <Shop Mf 3> Key2.MPQ realm down! 
[8:10:06 PM] <Shop Mf 5> Key6.MPQ was in use! 
[8:11:52 PM] <Shop Mf 3> Key2.MPQ was in use! 
[8:26:21 PM] <Shop Mf 4> Key4.MPQ realm down! 
[8:27:18 PM] <Shop Mf 6> Mute2.MPQ realm down! 
[8:27:54 PM] <Shop Mf 5> Key5.MPQ realm down! 
[8:36:21 PM] <Barb Mf 1> Mute3.MPQ was in use! 
[9:02:08 PM] <Shop Mf 5> Key5.MPQ realm down! 
[9:02:10 PM] <Shop Mf 2> New19.MPQ realm down! 
[9:02:15 PM] <Shop Mf 5> Key6.MPQ was in use! 
[9:02:44 PM] <Shop Mf 3> Key1.MPQ realm down! 
[9:03:02 PM] <Shop Mf 3> Key2.MPQ was in use! 
[9:37:53 PM] <Shop Mf 3> Key2.MPQ realm down! 
[9:37:56 PM] <Shop Mf 6> Key7.MPQ realm down! 
[9:39:30 PM] <Shop Mf 4> Key4.MPQ realm down! 
[9:40:27 PM] <Shop Mf 5> Key6.MPQ realm down! 
[9:40:45 PM] <Shop Mf 1> New17.MPQ realm down! 
[9:43:11 PM] <Shop Mf 3> Key1.MPQ realm down! 
[9:43:13 PM] <Shop Mf 6> Mute1.MPQ realm down! 
[9:44:45 PM] <Shop Mf 4> Key3.MPQ realm down! 
[10:12:11 PM] <Barb Mf 1> New1.MPQ was in use! 
[10:12:19 PM] <Shop Mf 4> Key4.MPQ realm down! 
[10:12:50 PM] <Shop Mf 3> Key1.MPQ realm down! 
[10:13:05 PM] <Shop Mf 6> Key7.MPQ realm down! 
[10:13:21 PM] <Shop Mf 1> New17.MPQ realm down! 
[10:34:54 PM] <Shop Mf 3> Key2.MPQ realm down! 
[10:35:06 PM] <Shop Mf 4> Key3.MPQ realm down! 
[10:35:59 PM] <Shop Mf 6> Mute1.MPQ realm down! 
[10:36:54 PM] <Shop Mf 5> Key5.MPQ realm down! 
[10:39:50 PM] <Shop Mf 1> New17.MPQ realm down! 
[10:40:08 PM] <Shop Mf 3> Key1.MPQ realm down! 
[10:40:20 PM] <Shop Mf 4> Key4.MPQ realm down! 
[10:41:13 PM] <Shop Mf 6> Mute2.MPQ realm down! 
[11:11:34 PM] <Shop Mf 5> Key5.MPQ realm down! 
[11:11:41 PM] <Shop Mf 5> Key6.MPQ was in use! 
[11:13:31 PM] <Shop Mf 3> Key1.MPQ realm down! 
[11:13:33 PM] <Shop Mf 6> Mute1.MPQ realm down! 
[11:13:39 PM] <Shop Mf 3> Key2.MPQ was in use! 
[12:27:37 AM] <Barb Mf 1> New1.MPQ was in use! 
[1:03:28 AM] <Barb Mf 4> New8.MPQ realm down! 
[1:26:06 AM] <Shop Mf 5> Key6.MPQ was in use! 
[1:31:19 AM] <Barb Mf 4> New8.MPQ realm down! 
[1:32:32 AM] <Barb Mf 5> New10.MPQ realm down! 
[1:34:55 AM] <Shop Mf 3> Key2.MPQ was in use! 
[1:41:40 AM] <Barb Mf 2> New4.MPQ realm down! 
[1:41:41 AM] <Barb Mf 3> New5.MPQ realm down! 
[1:47:27 AM] <Barb Mf 3> New6.MPQ realm down! 
[1:49:19 AM] <Barb Mf 1> New2.MPQ realm down! 
[1:54:36 AM] <Barb Mf 1> New2.MPQ realm down! 
[2:00:00 AM] <Barb Mf 5> New10.MPQ realm down! 
[2:00:44 AM] <Barb Mf 3> New5.MPQ realm down! 
[2:01:12 AM] <Barb Mf 4> New8.MPQ realm down! 
[2:06:02 AM] <Barb Mf 3> New6.MPQ realm down! 
[2:06:27 AM] <Barb Mf 4> New7.MPQ realm down! 
[2:13:24 AM] <Barb Mf 1> Mute3.MPQ was in use! 
[2:32:02 AM] <Barb Mf 1> New1.MPQ was in use! 
[2:56:15 AM] <Barb Mf 3> New5.MPQ realm down! 
[2:56:43 AM] <Barb Mf 1> Mute3.MPQ realm down! 
[3:32:13 AM] <Barb Mf 3> New5.MPQ realm down! 
[3:35:31 AM] <Barb Mf 1> New1.MPQ was in use! 
[4:07:54 AM] <Barb Mf 3> New5.MPQ realm down! 
[4:07:57 AM] <Barb Mf 4> New8.MPQ realm down! 
[4:35:13 AM] <Barb Mf 3> New5.MPQ realm down! 
[4:35:59 AM] <Barb Mf 4> New8.MPQ realm down! 
[4:36:12 AM] <Barb Mf 1> New1.MPQ realm down! 
[4:36:18 AM] <Barb Mf 1> New1.MPQ was in use! 
[5:00:22 AM] <Barb Mf 3> New6.MPQ realm down! 
[5:00:43 AM] <Barb Mf 1> Mute3.MPQ realm down! 
[5:14:01 AM] <Barb Mf 3> New5.MPQ realm down! 
[6:21:39 AM] <Barb Mf 1> Mute3.MPQ realm down! 
[6:23:32 AM] <Barb Mf 3> New5.MPQ realm down! 
[6:50:15 AM] <Barb Mf 3> New6.MPQ realm down! 
[6:51:38 AM] <Barb Mf 4> New8.MPQ realm down! 
[6:58:43 AM] <Barb Mf 1> New1.MPQ was in use! 
[7:22:55 AM] <Barb Mf 1> Mute3.MPQ realm down! 
[8:00:24 AM] <Barb Mf 1> New1.MPQ was in use! 
[8:58:39 AM] <Barb Mf 1> New1.MPQ was in use! 
[9:55:48 AM] <Barb Mf 1> New1.MPQ was in use! 
[10:55:52 AM] <Barb Mf 1> New1.MPQ was in use! 
[12:00:06 PM] <Shop Mf 5> Key6.MPQ was in use! 
[1:05:53 PM] <Barb Mf 1> New1.MPQ was in use! 
[2:12:30 PM] <Barb Mf 4> New8.MPQ was in use! 
[7:50:03 PM] <Shop Mf 6> Mute2.MPQ was in use! 
[9:45:11 PM] <Shop Mf 6> Mute2.MPQ was in use! 
[3:57:15 AM] <Shop Mf 4> Key3.MPQ realm down! 
[3:58:25 AM] <Shop Mf 3> Key2.MPQ realm down! 
[4:31:17 AM] <Shop Mf 4> Key3.MPQ realm down! 
[4:31:32 AM] <Shop Mf 3> Key2.MPQ realm down! 
[4:31:50 AM] <Shop Mf 5> Key6.MPQ realm down! 
[4:32:45 AM] <Shop Mf 2> New19.MPQ realm down! 
[4:44:49 AM] <Shop Mf 4> Key4.MPQ realm down! 
[4:45:45 AM] <Shop Mf 5> Key5.MPQ realm down! 
[4:46:46 AM] <Shop Mf 3> Key1.MPQ realm down! 
[4:46:47 AM] <Shop Mf 6> Key7.MPQ realm down! 
[5:12:09 AM] <Shop Mf 4> Key3.MPQ realm down! 
[5:12:18 AM] <Shop Mf 5> Key6.MPQ realm down! 
[5:13:34 AM] <Shop Mf 3> Key2.MPQ realm down! 
[6:27:26 AM] <Shop Mf 5> Key6.MPQ realm down! 
[6:29:06 AM] <Shop Mf 4> Key3.MPQ realm down! 
[6:29:10 AM] <Shop Mf 6> Mute3.MPQ realm down! 
[6:29:14 AM] <Shop Mf 3> Key2.MPQ realm down! 
[6:30:52 AM] <Shop Mf 1> New17.MPQ realm down! 
[6:32:40 AM] <Shop Mf 5> Key5.MPQ realm down! 
[7:05:05 AM] <Shop Mf 4> Key3.MPQ realm down! 
[7:05:14 AM] <Shop Mf 6> Mute1.MPQ realm down! 
[7:05:18 AM] <Shop Mf 3> Key2.MPQ realm down! 
[7:17:48 AM] <Barb Mf 5> New10.MPQ realm down! 
[7:18:38 AM] <Barb Mf 2> New4.MPQ realm down! 
[7:19:11 AM] <Barb Mf 3> New6.MPQ realm down! 
[7:27:33 AM] <Shop Mf 6> Mute3.MPQ was in use! 
[7:40:54 AM] <Barb Mf 5> New9.MPQ realm down! 
[7:41:05 AM] <Shop Mf 4> Key3.MPQ realm down! 
[7:41:32 AM] <Shop Mf 6> Key7.MPQ realm down! 
[7:41:41 AM] <Shop Mf 5> Key6.MPQ realm down! 
[7:43:31 AM] <Shop Mf 3> Key2.MPQ realm down! 
[7:44:01 AM] <Shop Mf 2> New20.MPQ realm down! 
[7:44:03 AM] <Shop Mf 1> New17.MPQ realm down! 
[8:07:52 AM] <Shop Mf 6> Mute2.MPQ realm down! 
[8:08:07 AM] <Shop Mf 5> Key6.MPQ realm down! 
[8:08:29 AM] <Shop Mf 4> Key4.MPQ realm down! 
[8:17:30 AM] <Shop Mf 6> Mute3.MPQ realm down! 
[8:18:49 AM] <Shop Mf 3> Key2.MPQ realm down! 
[8:18:58 AM] <Shop Mf 4> Key3.MPQ realm down! 
[8:46:46 AM] <Barb Mf 3> New5.MPQ realm down! 
[8:47:04 AM] <Barb Mf 2> New3.MPQ realm down! 
[9:18:34 AM] <Barb Mf 3> New5.MPQ realm down! 
[9:20:06 AM] <Barb Mf 2> New3.MPQ realm down! 
[9:20:33 AM] <Barb Mf 5> New9.MPQ realm down! 
[9:45:08 AM] <Barb Mf 2> New3.MPQ realm down! 
[9:46:55 AM] <Barb Mf 3> New5.MPQ realm down! 
[10:01:58 AM] <Barb Mf 1> New1.MPQ was in use! 
[10:14:50 AM] <Shop Mf 3> Key2.MPQ realm down! 
[10:16:13 AM] <Shop Mf 1> New17.MPQ realm down! 
[10:21:16 AM] <Barb Mf 3> New5.MPQ realm down! 
[10:22:40 AM] <Barb Mf 1> Mute3.MPQ was in use! 
[10:26:27 AM] <Shop Mf 4> Key3.MPQ realm down! 
[10:41:14 AM] <Barb Mf 1> New1.MPQ was in use! 
[10:46:32 AM] <Barb Mf 1> New2.MPQ realm down! 
[10:49:42 AM] <Shop Mf 6> Mute3.MPQ was in use! 
[10:53:40 AM] <Shop Mf 4> Key4.MPQ realm down! 
[10:54:11 AM] <Shop Mf 3> Key2.MPQ realm down! 
[10:54:56 AM] <Shop Mf 6> Key7.MPQ realm down! 
[11:06:12 AM] <Barb Mf 1> Mute3.MPQ was in use! 
[1:31:46 PM] <Shop Mf 6> Mute2.MPQ was in use! 
[10:10:16 PM] <FollowA3> New5.MPQ was in use! 
[10:10:46 PM] <RusherA> New6.MPQ was in use! 
[12:26:14 AM] <RusheeA> New1.MPQ was in use! 
[6:53:23 PM] <FollowA1> New3.MPQ realm down! 
[7:55:37 AM] <FollowA3> New5.MPQ realm down! 
[7:56:01 AM] <FollowA6> New8.MPQ realm down! 
[7:56:01 AM] <FollowA5> New7.MPQ realm down! 
[7:56:01 AM] <FollowA4> New6.MPQ realm down! 
[1:24:55 PM] <FollowA3> New5.MPQ was in use! 
[1:24:56 PM] <FollowA2> New4.MPQ was in use! 
[1:25:24 PM] <FollowA3> New15.MPQ was in use! 
[1:47:50 PM] <FollowA1> New15.MPQ was in use! 
[1:51:48 PM] <RusheeA> New1.MPQ realm down! 
